<?xml version="1.0" encoding="UTF-8" standalone="no"?>
<testsuite failures="0" name="cucumber.runtime.formatter.JUnitFormatter" skipped="0" tests="2" time="0.016298">
    <testcase classname="Menu Management" name="Add a menu item" time="0.015475">
        <system-out><![CDATA[Given I have a menu item with name "Cheese Sandwich" and price 15...........passed
When I add that menu item...................................................passed
Then Menu Item with name "Cheese Sandwich" should be added..................passed
Given I have a menu item with name "Cucumber sandwich" and price $20........passed
When I add that menu item...................................................passed
Then Menu Item with name "Cucumber sandwich" should be added................passed
]]></system-out>
    </testcase>
    <testcase classname="Menu Management" name="Add another menu item" time="0.000823">
        <system-out><![CDATA[Given I have a menu item with name "Cheese Sandwich" and price 15...........passed
When I add that menu item...................................................passed
Then Menu Item with name "Cheese Sandwich" should be added..................passed
Given I have a menu item with name "Cucumber Salad" and price 15............passed
When I add that menu item...................................................passed
Then Menu Item with name "Cucumber Salad" should be added...................passed
]]></system-out>
    </testcase>
</testsuite>
